#
# A fatal error has been detected by the Java Runtime Environment:
#
#  Internal Error (javaCalls.cpp:51), pid=42846, tid=11523
#  guarantee(thread->is_Java_thread()) failed: crucial check - the VM thread cannot and must not escape to Java code
#
# JRE version: Java(TM) SE Runtime Environment (8.0_40-b27) (build 1.8.0_40-b27)
# Java VM: Java HotSpot(TM) 64-Bit Server VM (25.40-b25 mixed mode bsd-amd64 compressed oops)
# Failed to write core dump. Core dumps have been disabled. To enable core dumping, try "ulimit -c unlimited" before starting Java again
#
# If you would like to submit a bug report, please visit:
#   http://bugreport.java.com/bugreport/crash.jsp
#

---------------  T H R E A D  ---------------

Current thread (0x00007f9f08023800):  VMThread [stack: 0x000070000d8f6000,0x000070000d9f6000] [id=11523]

Stack: [0x000070000d8f6000,0x000070000d9f6000],  sp=0x000070000d9f4ac0,  free space=1018k
Native frames: (J=compiled Java code, j=interpreted, Vv=VM code, C=native code)
V  [libjvm.dylib+0x58e7ba]  VMError::report_and_die()+0x3f8
V  [libjvm.dylib+0x1e03af]  report_vm_error(char const*, int, char const*, char const*)+0x54
V  [libjvm.dylib+0x2dfa10]  JavaCallWrapper::JavaCallWrapper(methodHandle, Handle, JavaValue*, Thread*)+0x64
V  [libjvm.dylib+0x2e02c8]  JavaCalls::call_helper(JavaValue*, methodHandle*, JavaCallArguments*, Thread*)+0x608
V  [libjvm.dylib+0x2e07e6]  JavaCalls::call_special(JavaValue*, KlassHandle, Symbol*, Symbol*, JavaCallArguments*, Thread*)+0xfc
V  [libjvm.dylib+0x23a287]  Exceptions::new_exception(Thread*, Symbol*, Symbol*, JavaCallArguments*, Handle, Handle)+0xc7
V  [libjvm.dylib+0x23a382]  Exceptions::new_exception(Thread*, Symbol*, Symbol*, JavaCallArguments*, Handle, Handle, Handle)+0x28
V  [libjvm.dylib+0x23a5e1]  Exceptions::new_exception(Thread*, Symbol*, char const*, Handle, Handle, Handle, Exceptions::ExceptionMsgToUtf8Mode)+0x169
V  [libjvm.dylib+0x23a5fc]  Exceptions::new_exception(Thread*, Symbol*, char const*, Exceptions::ExceptionMsgToUtf8Mode)+0x18
V  [libjvm.dylib+0x27b3f7]  GenerateOopMap::verify_error(char const*, ...)+0xed
V  [libjvm.dylib+0x27e716]  GenerateOopMap::init_basic_blocks()+0x1e8
V  [libjvm.dylib+0x27e824]  GenerateOopMap::do_interpretation()+0x26
V  [libjvm.dylib+0x27ec5b]  GenerateOopMap::compute_map(Thread*)+0x1fb
V  [libjvm.dylib+0x465f99]  OopMapForCacheEntry::compute_map(Thread*)+0x8f
V  [libjvm.dylib+0x4661a2]  OopMapCacheEntry::fill(methodHandle, int)+0x19e
V  [libjvm.dylib+0x46661e]  OopMapCache::lookup(methodHandle, int, InterpreterOopMap*) const+0x2f8
V  [libjvm.dylib+0x2b4654]  InstanceKlass::mask_for(methodHandle, int, InterpreterOopMap*)+0xd2
V  [libjvm.dylib+0x434fed]  Method::mask_for(int, InterpreterOopMap*)+0xb3
V  [libjvm.dylib+0x5870f3]  interpretedVFrame::stack_data(bool) const+0x4b
V  [libjvm.dylib+0x38299b]  VM_GetOrSetLocal::doit()+0x243
V  [libjvm.dylib+0x595f7d]  VM_Operation::evaluate()+0x4f
V  [libjvm.dylib+0x5945e9]  VMThread::evaluate_operation(VM_Operation*)+0xdf
V  [libjvm.dylib+0x594a36]  VMThread::loop()+0x328
V  [libjvm.dylib+0x594355]  VMThread::run()+0x79
V  [libjvm.dylib+0x46ea8e]  java_start(Thread*)+0xf6
C  [libsystem_pthread.dylib+0x3aab]  _pthread_body+0xb4
C  [libsystem_pthread.dylib+0x39f7]  _pthread_body+0x0
C  [libsystem_pthread.dylib+0x31fd]  thread_start+0xd

VM_Operation (0x000070000de01958): GetOrSetLocal, mode: safepoint, requested by thread 0x00007f9f0802d000


---------------  P R O C E S S  ---------------

Java Threads: ( => current thread )
  0x00007f9f07a0b000 JavaThread "Exec Stream Pumper" daemon [_thread_in_native, id=22787, stack(0x000070000e74b000,0x000070000e84b000)]
  0x00007f9f0722c000 JavaThread "Exec Stream Pumper" daemon [_thread_in_native, id=22275, stack(0x000070000e648000,0x000070000e748000)]
  0x00007f9f082b9000 JavaThread "process reaper" daemon [_thread_in_native, id=21763, stack(0x000070000e61d000,0x000070000e645000)]
  0x00007f9f0716c000 JavaThread "Exec Default Executor" daemon [_thread_blocked, id=21251, stack(0x000070000e51a000,0x000070000e61a000)]
  0x00007f9f06847800 JavaThread "Service Thread" daemon [_thread_blocked, id=20227, stack(0x000070000e314000,0x000070000e414000)]
  0x00007f9f06847000 JavaThread "C1 CompilerThread2" daemon [_thread_blocked, id=19715, stack(0x000070000e211000,0x000070000e311000)]
  0x00007f9f06846000 JavaThread "C2 CompilerThread1" daemon [_thread_blocked, id=19203, stack(0x000070000e10e000,0x000070000e20e000)]
  0x00007f9f06845800 JavaThread "C2 CompilerThread0" daemon [_thread_blocked, id=18691, stack(0x000070000e00b000,0x000070000e10b000)]
  0x00007f9f06850800 JavaThread "JDWP Command Reader" daemon [_thread_in_native, id=18179, stack(0x000070000df08000,0x000070000e008000)]
  0x00007f9f0700f000 JavaThread "JDWP Event Helper Thread" daemon [_thread_blocked, id=17667, stack(0x000070000de05000,0x000070000df05000)]
  0x00007f9f0802d000 JavaThread "JDWP Transport Listener: dt_socket" daemon [_thread_blocked, id=17155, stack(0x000070000dd02000,0x000070000de02000)]
  0x00007f9f06838800 JavaThread "Signal Dispatcher" daemon [_thread_blocked, id=16643, stack(0x000070000dbff000,0x000070000dcff000)]
  0x00007f9f07009800 JavaThread "Finalizer" daemon [_thread_blocked, id=12547, stack(0x000070000dafc000,0x000070000dbfc000)]
  0x00007f9f07009000 JavaThread "Reference Handler" daemon [_thread_blocked, id=12035, stack(0x000070000d9f9000,0x000070000daf9000)]
  0x00007f9f06808800 JavaThread "main" [_thread_blocked, id=7171, stack(0x000070000d3e7000,0x000070000d4e7000)]

Other Threads:
=>0x00007f9f08023800 VMThread [stack: 0x000070000d8f6000,0x000070000d9f6000] [id=11523]
  0x00007f9f08028800 WatcherThread [stack: 0x000070000e417000,0x000070000e517000] [id=20739]

VM state:at safepoint (normal execution)

VM Mutex/Monitor currently owned by a thread:  ([mutex/lock_event])
[0x00007f9f066051d0] Threads_lock - owner thread: 0x00007f9f08023800

Heap:
 PSYoungGen      total 38400K, used 12586K [0x0000000795580000, 0x0000000798000000, 0x00000007c0000000)
  eden space 33280K, 22% used [0x0000000795580000,0x0000000795ccf0f8,0x0000000797600000)
  from space 5120K, 99% used [0x0000000797600000,0x0000000797afb878,0x0000000797b00000)
  to   space 5120K, 0% used [0x0000000797b00000,0x0000000797b00000,0x0000000798000000)
 ParOldGen       total 87552K, used 1812K [0x0000000740000000, 0x0000000745580000, 0x0000000795580000)
  object space 87552K, 2% used [0x0000000740000000,0x00000007401c50a0,0x0000000745580000)
 Metaspace       used 12259K, capacity 12496K, committed 12672K, reserved 1060864K
  class space    used 1521K, capacity 1628K, committed 1664K, reserved 1048576K

Card table byte_map: [0x0000000108f74000,0x0000000109375000] byte_map_base: 0x0000000105574000

Marking Bits: (ParMarkBitMap*) 0x00000001084c27a0
 Begin Bits: [0x0000000109620000, 0x000000010b620000)
 End Bits:   [0x000000010b620000, 0x000000010d620000)

Polling page: 0x00000001073b7000

CodeCache: size=245760Kb used=4433Kb max_used=4433Kb free=241326Kb
 bounds [0x0000000115502000, 0x0000000115962000, 0x0000000124502000]
 total_blobs=1596 nmethods=1276 adapters=242
 compilation: enabled

Compilation events (10 events):
Event: 13.944 Thread 0x00007f9f06847000 nmethod 1271 0x0000000115954850 code [0x00000001159549e0, 0x0000000115954d18]
Event: 13.944 Thread 0x00007f9f06847000 1272   !   3       java.util.Formatter$FormatSpecifier::precision (63 bytes)
Event: 13.944 Thread 0x00007f9f06846000 nmethod 1276 0x000000011594c190 code [0x000000011594c2e0, 0x000000011594c368]
Event: 13.944 Thread 0x00007f9f06847000 nmethod 1272 0x0000000115957350 code [0x0000000115957500, 0x0000000115957908]
Event: 13.944 Thread 0x00007f9f06847000 1273       3       java.util.Formatter$FormatSpecifier::conversion (94 bytes)
Event: 13.946 Thread 0x00007f9f06847000 nmethod 1273 0x0000000115955a10 code [0x0000000115955ca0, 0x0000000115956aa8]
Event: 13.946 Thread 0x00007f9f06847000 1274       3       java.util.Formatter$Conversion::isText (32 bytes)
Event: 13.946 Thread 0x00007f9f06847000 nmethod 1274 0x0000000115955710 code [0x0000000115955860, 0x00000001159559b0]
Event: 13.946 Thread 0x00007f9f06847000 1275       3       org.apache.http.client.protocol.HttpClientContext::adapt (21 bytes)
Event: 13.946 Thread 0x00007f9f06847000 nmethod 1275 0x0000000115954ed0 code [0x0000000115955060, 0x0000000115955530]

GC Heap History (2 events):
Event: 2.393 GC heap before
{Heap before GC invocations=1 (full 0):
 PSYoungGen      total 38400K, used 33280K [0x0000000795580000, 0x0000000798000000, 0x00000007c0000000)
  eden space 33280K, 100% used [0x0000000795580000,0x0000000797600000,0x0000000797600000)
  from space 5120K, 0% used [0x0000000797b00000,0x0000000797b00000,0x0000000798000000)
  to   space 5120K, 0% used [0x0000000797600000,0x0000000797600000,0x0000000797b00000)
 ParOldGen       total 87552K, used 0K [0x0000000740000000, 0x0000000745580000, 0x0000000795580000)
  object space 87552K, 0% used [0x0000000740000000,0x0000000740000000,0x0000000745580000)
 Metaspace       used 11122K, capacity 11374K, committed 11520K, reserved 1058816K
  class space    used 1393K, capacity 1487K, committed 1536K, reserved 1048576K
Event: 2.406 GC heap after
Heap after GC invocations=1 (full 0):
 PSYoungGen      total 38400K, used 5102K [0x0000000795580000, 0x0000000798000000, 0x00000007c0000000)
  eden space 33280K, 0% used [0x0000000795580000,0x0000000795580000,0x0000000797600000)
  from space 5120K, 99% used [0x0000000797600000,0x0000000797afb878,0x0000000797b00000)
  to   space 5120K, 0% used [0x0000000797b00000,0x0000000797b00000,0x0000000798000000)
 ParOldGen       total 87552K, used 1812K [0x0000000740000000, 0x0000000745580000, 0x0000000795580000)
  object space 87552K, 2% used [0x0000000740000000,0x00000007401c50a0,0x0000000745580000)
 Metaspace       used 11122K, capacity 11374K, committed 11520K, reserved 1058816K
  class space    used 1393K, capacity 1487K, committed 1536K, reserved 1048576K
}

Deoptimization events (10 events):
Event: 1.355 Thread 0x00007f9f06808800 Uncommon trap: reason=unstable_if action=reinterpret pc=0x000000011563f95c method=java.lang.String.indexOf(II)I @ 49
Event: 1.470 Thread 0x00007f9f06808800 Uncommon trap: reason=unstable_if action=reinterpret pc=0x000000011565c04c method=java.lang.String.startsWith(Ljava/lang/String;I)Z @ 25
Event: 1.901 Thread 0x00007f9f06808800 Uncommon trap: reason=unstable_if action=reinterpret pc=0x000000011568546c method=java.lang.String.replace(CC)Ljava/lang/String; @ 26
Event: 1.921 Thread 0x00007f9f06808800 Uncommon trap: reason=unstable_if action=reinterpret pc=0x000000011570b110 method=java.lang.CharacterDataLatin1.digit(II)I @ 82
Event: 1.930 Thread 0x00007f9f06808800 Uncommon trap: reason=unstable_if action=reinterpret pc=0x000000011570acf4 method=java.lang.CharacterDataLatin1.digit(II)I @ 82
Event: 2.001 Thread 0x00007f9f0716c000 Uncommon trap: reason=unstable_if action=reinterpret pc=0x00000001157d0694 method=java.util.Arrays.equals([B[B)Z @ 2
Event: 2.195 Thread 0x00007f9f06808800 Uncommon trap: reason=unstable_if action=reinterpret pc=0x00000001157a7a44 method=java.util.concurrent.ConcurrentHashMap.putVal(Ljava/lang/Object;Ljava/lang/Object;Z)Ljava/lang/Object; @ 181
Event: 2.225 Thread 0x00007f9f06808800 Uncommon trap: reason=unstable_if action=reinterpret pc=0x00000001156abda0 method=java.lang.CharacterData.of(I)Ljava/lang/CharacterData; @ 4
Event: 5.852 Thread 0x00007f9f06808800 Uncommon trap: reason=unstable_if action=reinterpret pc=0x000000011588927c method=java.lang.String.regionMatches(ZILjava/lang/String;II)Z @ 123
Event: 8.919 Thread 0x00007f9f06808800 Uncommon trap: reason=unstable_if action=reinterpret pc=0x000000011578f930 method=java.util.concurrent.ConcurrentHashMap.addCount(JI)V @ 121

Internal exceptions (10 events):
Event: 2.049 Thread 0x00007f9f06808800 Exception <a 'java/net/ConnectException'> (0x0000000796c78648) thrown at [/Users/java_re/workspace/8-2-build-macosx-x86_64/jdk8u40/3153/hotspot/src/share/vm/prims/jni.cpp, line 709]
Event: 2.052 Thread 0x00007f9f06808800 Exception <a 'java/net/ConnectException'> (0x0000000796c78e60) thrown at [/Users/java_re/workspace/8-2-build-macosx-x86_64/jdk8u40/3153/hotspot/src/share/vm/prims/jni.cpp, line 709]
Event: 2.053 Thread 0x00007f9f06808800 Exception <a 'java/net/ConnectException'> (0x0000000796c79678) thrown at [/Users/java_re/workspace/8-2-build-macosx-x86_64/jdk8u40/3153/hotspot/src/share/vm/prims/jni.cpp, line 709]
Event: 2.054 Thread 0x00007f9f06808800 Exception <a 'java/net/ConnectException'> (0x0000000796c79e90) thrown at [/Users/java_re/workspace/8-2-build-macosx-x86_64/jdk8u40/3153/hotspot/src/share/vm/prims/jni.cpp, line 709]
Event: 2.055 Thread 0x00007f9f06808800 Exception <a 'java/net/ConnectException'> (0x0000000796c7a6a8) thrown at [/Users/java_re/workspace/8-2-build-macosx-x86_64/jdk8u40/3153/hotspot/src/share/vm/prims/jni.cpp, line 709]
Event: 2.056 Thread 0x00007f9f06808800 Exception <a 'java/net/ConnectException'> (0x0000000796c7aec0) thrown at [/Users/java_re/workspace/8-2-build-macosx-x86_64/jdk8u40/3153/hotspot/src/share/vm/prims/jni.cpp, line 709]
Event: 2.165 Thread 0x00007f9f06808800 Exception <a 'java/lang/ArrayIndexOutOfBoundsException': 18> (0x00000007970a37b8) thrown at [/Users/java_re/workspace/8-2-build-macosx-x86_64/jdk8u40/3153/hotspot/src/share/vm/interpreter/interpreterRuntime.cpp, line 366]
Event: 2.166 Thread 0x00007f9f06808800 Exception <a 'java/lang/ArrayIndexOutOfBoundsException': 90> (0x00000007970a4d00) thrown at [/Users/java_re/workspace/8-2-build-macosx-x86_64/jdk8u40/3153/hotspot/src/share/vm/interpreter/interpreterRuntime.cpp, line 366]
Event: 2.168 Thread 0x00007f9f06808800 Exception <a 'java/lang/ArrayIndexOutOfBoundsException': 105> (0x00000007970a6a00) thrown at [/Users/java_re/workspace/8-2-build-macosx-x86_64/jdk8u40/3153/hotspot/src/share/vm/interpreter/interpreterRuntime.cpp, line 366]
Event: 2.168 Thread 0x00007f9f06808800 Exception <a 'java/lang/ArrayIndexOutOfBoundsException'> (0x00000007970a7b90) thrown at [/Users/java_re/workspace/8-2-build-macosx-x86_64/jdk8u40/3153/hotspot/src/share/vm/runtime/sharedRuntime.cpp, line 605]

Events (10 events):
Event: 43.451 Executing VM operation: ChangeBreakpoints done
Event: 43.475 Executing VM operation: EnterInterpOnlyMode
Event: 43.475 Executing VM operation: EnterInterpOnlyMode done
Event: 43.475 Executing VM operation: GetCurrentLocation
Event: 43.475 Executing VM operation: GetCurrentLocation done
Event: 43.475 Executing VM operation: ChangeSingleStep
Event: 43.475 Executing VM operation: ChangeSingleStep done
Event: 43.476 Executing VM operation: ChangeSingleStep
Event: 43.476 Executing VM operation: ChangeSingleStep done
Event: 43.751 Executing VM operation: GetOrSetLocal


Dynamic libraries:
0x0000000012212000 	/System/Library/Frameworks/Cocoa.framework/Versions/A/Cocoa
0x0000000012212000 	/System/Library/Frameworks/Security.framework/Versions/A/Security
0x0000000012212000 	/System/Library/Frameworks/ApplicationServices.framework/Versions/A/ApplicationServices
0x0000000012212000 	/usr/lib/libz.1.dylib
0x0000000012212000 	/usr/lib/libSystem.B.dylib
0x0000000012212000 	/usr/lib/libobjc.A.dylib
0x0000000012212000 	/System/Library/Frameworks/CoreFoundation.framework/Versions/A/CoreFoundation
0x0000000012212000 	/System/Library/Frameworks/Foundation.framework/Versions/C/Foundation
0x0000000012212000 	/System/Library/Frameworks/AppKit.framework/Versions/C/AppKit
0x0000000012212000 	/System/Library/Frameworks/CoreData.framework/Versions/A/CoreData
0x0000000012212000 	/System/Library/PrivateFrameworks/RemoteViewServices.framework/Versions/A/RemoteViewServices
0x0000000012212000 	/System/Library/PrivateFrameworks/UIFoundation.framework/Versions/A/UIFoundation
0x0000000012212000 	/System/Library/PrivateFrameworks/DFRFoundation.framework/Versions/A/DFRFoundation
0x0000000012212000 	/usr/lib/libenergytrace.dylib
0x0000000012212000 	/System/Library/PrivateFrameworks/SkyLight.framework/Versions/A/SkyLight
0x0000000012212000 	/System/Library/Frameworks/CoreGraphics.framework/Versions/A/CoreGraphics
0x0000000012212000 	/usr/lib/libScreenReader.dylib
0x0000000012212000 	/System/Library/Frameworks/Accelerate.framework/Versions/A/Accelerate
0x0000000012212000 	/System/Library/Frameworks/IOSurface.framework/Versions/A/IOSurface
0x0000000012212000 	/System/Library/Frameworks/AudioToolbox.framework/Versions/A/AudioToolbox
0x0000000012212000 	/System/Library/Frameworks/AudioUnit.framework/Versions/A/AudioUnit
0x0000000012212000 	/System/Library/PrivateFrameworks/DataDetectorsCore.framework/Versions/A/DataDetectorsCore
0x0000000012212000 	/System/Library/PrivateFrameworks/DesktopServicesPriv.framework/Versions/A/DesktopServicesPriv
0x0000000012212000 	/System/Library/Frameworks/Carbon.framework/Versions/A/Frameworks/HIToolbox.framework/Versions/A/HIToolbox
0x0000000012212000 	/usr/lib/libicucore.A.dylib
0x0000000012212000 	/System/Library/Frameworks/QuartzCore.framework/Versions/A/QuartzCore
0x0000000012212000 	/System/Library/Frameworks/Carbon.framework/Versions/A/Frameworks/SpeechRecognition.framework/Versions/A/SpeechRecognition
0x0000000012212000 	/usr/lib/libauto.dylib
0x0000000012212000 	/usr/lib/libxml2.2.dylib
0x0000000012212000 	/System/Library/PrivateFrameworks/CoreUI.framework/Versions/A/CoreUI
0x0000000012212000 	/System/Library/Frameworks/CoreAudio.framework/Versions/A/CoreAudio
0x0000000012212000 	/System/Library/Frameworks/DiskArbitration.framework/Versions/A/DiskArbitration
0x0000000012212000 	/usr/lib/liblangid.dylib
0x0000000012212000 	/System/Library/PrivateFrameworks/MultitouchSupport.framework/Versions/A/MultitouchSupport
0x0000000012212000 	/System/Library/Frameworks/IOKit.framework/Versions/A/IOKit
0x0000000012212000 	/usr/lib/libDiagnosticMessagesClient.dylib
0x0000000012212000 	/System/Library/Frameworks/CoreServices.framework/Versions/A/CoreServices
0x0000000012212000 	/System/Library/PrivateFrameworks/PerformanceAnalysis.framework/Versions/A/PerformanceAnalysis
0x0000000012212000 	/System/Library/PrivateFrameworks/GenerationalStorage.framework/Versions/A/GenerationalStorage
0x0000000012212000 	/System/Library/Frameworks/OpenGL.framework/Versions/A/OpenGL
0x0000000012212000 	/System/Library/Frameworks/CoreImage.framework/Versions/A/CoreImage
0x0000000012212000 	/System/Library/Frameworks/CoreText.framework/Versions/A/CoreText
0x0000000012212000 	/System/Library/Frameworks/ImageIO.framework/Versions/A/ImageIO
0x0000000012212000 	/System/Library/PrivateFrameworks/Backup.framework/Versions/A/Backup
0x0000000012212000 	/usr/lib/libarchive.2.dylib
0x0000000012212000 	/System/Library/Frameworks/CFNetwork.framework/Versions/A/CFNetwork
0x0000000012212000 	/System/Library/Frameworks/SystemConfiguration.framework/Versions/A/SystemConfiguration
0x0000000012212000 	/usr/lib/libCRFSuite.dylib
0x0000000012212000 	/usr/lib/libc++.1.dylib
0x0000000012212000 	/usr/lib/libc++abi.dylib
0x0000000012212000 	/usr/lib/system/libcache.dylib
0x0000000012212000 	/usr/lib/system/libcommonCrypto.dylib
0x0000000012212000 	/usr/lib/system/libcompiler_rt.dylib
0x0000000012212000 	/usr/lib/system/libcopyfile.dylib
0x0000000012212000 	/usr/lib/system/libcorecrypto.dylib
0x0000000012212000 	/usr/lib/system/libdispatch.dylib
0x0000000012212000 	/usr/lib/system/libdyld.dylib
0x0000000012212000 	/usr/lib/system/libkeymgr.dylib
0x0000000012212000 	/usr/lib/system/liblaunch.dylib
0x0000000012212000 	/usr/lib/system/libmacho.dylib
0x0000000012212000 	/usr/lib/system/libquarantine.dylib
0x0000000012212000 	/usr/lib/system/libremovefile.dylib
0x0000000012212000 	/usr/lib/system/libsystem_asl.dylib
0x0000000012212000 	/usr/lib/system/libsystem_blocks.dylib
0x0000000012212000 	/usr/lib/system/libsystem_c.dylib
0x0000000012212000 	/usr/lib/system/libsystem_configuration.dylib
0x0000000012212000 	/usr/lib/system/libsystem_coreservices.dylib
0x0000000012212000 	/usr/lib/system/libsystem_coretls.dylib
0x0000000012212000 	/usr/lib/system/libsystem_dnssd.dylib
0x0000000012212000 	/usr/lib/system/libsystem_info.dylib
0x0000000012212000 	/usr/lib/system/libsystem_kernel.dylib
0x0000000012212000 	/usr/lib/system/libsystem_m.dylib
0x0000000012212000 	/usr/lib/system/libsystem_malloc.dylib
0x0000000012212000 	/usr/lib/system/libsystem_network.dylib
0x0000000012212000 	/usr/lib/system/libsystem_networkextension.dylib
0x0000000012212000 	/usr/lib/system/libsystem_notify.dylib
0x0000000012212000 	/usr/lib/system/libsystem_platform.dylib
0x0000000012212000 	/usr/lib/system/libsystem_pthread.dylib
0x0000000012212000 	/usr/lib/system/libsystem_sandbox.dylib
0x0000000012212000 	/usr/lib/system/libsystem_secinit.dylib
0x0000000012212000 	/usr/lib/system/libsystem_symptoms.dylib
0x0000000012212000 	/usr/lib/system/libsystem_trace.dylib
0x0000000012212000 	/usr/lib/system/libunwind.dylib
0x0000000012212000 	/usr/lib/system/libxpc.dylib
0x0000000012212000 	/usr/lib/libbsm.0.dylib
0x0000000012212000 	/usr/lib/system/libkxld.dylib
0x0000000012212000 	/usr/lib/libcoretls.dylib
0x0000000012212000 	/usr/lib/libcoretls_cfhelpers.dylib
0x0000000012212000 	/usr/lib/libxar.1.dylib
0x0000000012212000 	/usr/lib/libsqlite3.dylib
0x0000000012212000 	/usr/lib/libpam.2.dylib
0x0000000012212000 	/usr/lib/libOpenScriptingUtil.dylib
0x0000000012212000 	/usr/lib/libbz2.1.0.dylib
0x0000000012212000 	/usr/lib/liblzma.5.dylib
0x0000000012212000 	/usr/lib/libnetwork.dylib
0x0000000012212000 	/usr/lib/libpcap.A.dylib
0x0000000012212000 	/System/Library/Frameworks/CoreServices.framework/Versions/A/Frameworks/FSEvents.framework/Versions/A/FSEvents
0x0000000012212000 	/System/Library/Frameworks/CoreServices.framework/Versions/A/Frameworks/CarbonCore.framework/Versions/A/CarbonCore
0x0000000012212000 	/System/Library/Frameworks/CoreServices.framework/Versions/A/Frameworks/Metadata.framework/Versions/A/Metadata
0x0000000012212000 	/System/Library/Frameworks/CoreServices.framework/Versions/A/Frameworks/OSServices.framework/Versions/A/OSServices
0x0000000012212000 	/System/Library/Frameworks/CoreServices.framework/Versions/A/Frameworks/SearchKit.framework/Versions/A/SearchKit
0x0000000012212000 	/System/Library/Frameworks/CoreServices.framework/Versions/A/Frameworks/AE.framework/Versions/A/AE
0x0000000012212000 	/System/Library/Frameworks/CoreServices.framework/Versions/A/Frameworks/LaunchServices.framework/Versions/A/LaunchServices
0x0000000012212000 	/System/Library/Frameworks/CoreServices.framework/Versions/A/Frameworks/DictionaryServices.framework/Versions/A/DictionaryServices
0x0000000012212000 	/System/Library/Frameworks/CoreServices.framework/Versions/A/Frameworks/SharedFileList.framework/Versions/A/SharedFileList
0x0000000012212000 	/System/Library/Frameworks/NetFS.framework/Versions/A/NetFS
0x0000000012212000 	/System/Library/PrivateFrameworks/NetAuth.framework/Versions/A/NetAuth
0x0000000012212000 	/System/Library/PrivateFrameworks/login.framework/Versions/A/Frameworks/loginsupport.framework/Versions/A/loginsupport
0x0000000012212000 	/System/Library/PrivateFrameworks/TCC.framework/Versions/A/TCC
0x0000000012212000 	/usr/lib/libmecabra.dylib
0x0000000012212000 	/System/Library/Frameworks/ApplicationServices.framework/Versions/A/Frameworks/ATS.framework/Versions/A/ATS
0x0000000012212000 	/System/Library/Frameworks/ApplicationServices.framework/Versions/A/Frameworks/ColorSync.framework/Versions/A/ColorSync
0x0000000012212000 	/System/Library/Frameworks/ApplicationServices.framework/Versions/A/Frameworks/HIServices.framework/Versions/A/HIServices
0x0000000012212000 	/System/Library/Frameworks/ApplicationServices.framework/Versions/A/Frameworks/LangAnalysis.framework/Versions/A/LangAnalysis
0x0000000012212000 	/System/Library/Frameworks/ApplicationServices.framework/Versions/A/Frameworks/PrintCore.framework/Versions/A/PrintCore
0x0000000012212000 	/System/Library/Frameworks/ApplicationServices.framework/Versions/A/Frameworks/QD.framework/Versions/A/QD
0x0000000012212000 	/System/Library/Frameworks/ApplicationServices.framework/Versions/A/Frameworks/SpeechSynthesis.framework/Versions/A/SpeechSynthesis
0x0000000012212000 	/System/Library/Frameworks/Accelerate.framework/Versions/A/Frameworks/vImage.framework/Versions/A/vImage
0x0000000012212000 	/System/Library/Frameworks/Accelerate.framework/Versions/A/Frameworks/vecLib.framework/Versions/A/vecLib
0x0000000012212000 	/System/Library/Frameworks/Accelerate.framework/Versions/A/Frameworks/vecLib.framework/Versions/A/libvDSP.dylib
0x0000000012212000 	/System/Library/Frameworks/Accelerate.framework/Versions/A/Frameworks/vecLib.framework/Versions/A/libBNNS.dylib
0x0000000012212000 	/System/Library/Frameworks/Accelerate.framework/Versions/A/Frameworks/vecLib.framework/Versions/A/libQuadrature.dylib
0x0000000012212000 	/System/Library/Frameworks/Accelerate.framework/Versions/A/Frameworks/vecLib.framework/Versions/A/libvMisc.dylib
0x0000000012212000 	/System/Library/Frameworks/Accelerate.framework/Versions/A/Frameworks/vecLib.framework/Versions/A/libLAPACK.dylib
0x0000000012212000 	/System/Library/Frameworks/Accelerate.framework/Versions/A/Frameworks/vecLib.framework/Versions/A/libBLAS.dylib
0x0000000012212000 	/System/Library/Frameworks/Accelerate.framework/Versions/A/Frameworks/vecLib.framework/Versions/A/libLinearAlgebra.dylib
0x0000000012212000 	/System/Library/Frameworks/Accelerate.framework/Versions/A/Frameworks/vecLib.framework/Versions/A/libSparseBLAS.dylib
0x0000000012212000 	/System/Library/Frameworks/ApplicationServices.framework/Versions/A/Frameworks/ATS.framework/Versions/A/Resources/libFontParser.dylib
0x0000000012212000 	/System/Library/Frameworks/ApplicationServices.framework/Versions/A/Frameworks/ATS.framework/Versions/A/Resources/libFontRegistry.dylib
0x0000000012212000 	/System/Library/Frameworks/ImageIO.framework/Versions/A/Resources/libJPEG.dylib
0x0000000012212000 	/System/Library/Frameworks/ImageIO.framework/Versions/A/Resources/libTIFF.dylib
0x0000000012212000 	/System/Library/Frameworks/ImageIO.framework/Versions/A/Resources/libPng.dylib
0x0000000012212000 	/System/Library/Frameworks/ImageIO.framework/Versions/A/Resources/libGIF.dylib
0x0000000012212000 	/System/Library/Frameworks/ImageIO.framework/Versions/A/Resources/libJP2.dylib
0x0000000012212000 	/System/Library/Frameworks/ImageIO.framework/Versions/A/Resources/libRadiance.dylib
0x0000000012212000 	/usr/lib/libcompression.dylib
0x0000000012212000 	/System/Library/PrivateFrameworks/AppleJPEG.framework/Versions/A/AppleJPEG
0x0000000012212000 	/usr/lib/libcups.2.dylib
0x0000000012212000 	/System/Library/Frameworks/Kerberos.framework/Versions/A/Kerberos
0x0000000012212000 	/System/Library/Frameworks/GSS.framework/Versions/A/GSS
0x0000000012212000 	/usr/lib/libresolv.9.dylib
0x0000000012212000 	/usr/lib/libiconv.2.dylib
0x0000000012212000 	/System/Library/PrivateFrameworks/Heimdal.framework/Versions/A/Heimdal
0x0000000012212000 	/usr/lib/libheimdal-asn1.dylib
0x0000000012212000 	/System/Library/Frameworks/OpenDirectory.framework/Versions/A/OpenDirectory
0x0000000012212000 	/System/Library/PrivateFrameworks/CommonAuth.framework/Versions/A/CommonAuth
0x0000000012212000 	/System/Library/Frameworks/OpenDirectory.framework/Versions/A/Frameworks/CFOpenDirectory.framework/Versions/A/CFOpenDirectory
0x0000000012212000 	/System/Library/Frameworks/SecurityFoundation.framework/Versions/A/SecurityFoundation
0x0000000012212000 	/System/Library/PrivateFrameworks/LanguageModeling.framework/Versions/A/LanguageModeling
0x0000000012212000 	/usr/lib/libmarisa.dylib
0x0000000012212000 	/usr/lib/libChineseTokenizer.dylib
0x0000000012212000 	/usr/lib/libcmph.dylib
0x0000000012212000 	/System/Library/PrivateFrameworks/CoreEmoji.framework/Versions/A/CoreEmoji
0x0000000012212000 	/System/Library/Frameworks/ServiceManagement.framework/Versions/A/ServiceManagement
0x0000000012212000 	/usr/lib/libxslt.1.dylib
0x0000000012212000 	/System/Library/Frameworks/Carbon.framework/Versions/A/Frameworks/Ink.framework/Versions/A/Ink
0x0000000012212000 	/System/Library/PrivateFrameworks/TextureIO.framework/Versions/A/TextureIO
0x0000000012212000 	/System/Library/Frameworks/Metal.framework/Versions/A/Metal
0x0000000012212000 	/usr/lib/libate.dylib
0x0000000012212000 	/System/Library/PrivateFrameworks/GPUCompiler.framework/libmetal_timestamp.dylib
0x0000000012212000 	/System/Library/Frameworks/OpenGL.framework/Versions/A/Libraries/libCoreFSCache.dylib
0x0000000012212000 	/System/Library/PrivateFrameworks/IOAccelerator.framework/Versions/A/IOAccelerator
0x0000000012212000 	/System/Library/Frameworks/CoreVideo.framework/Versions/A/CoreVideo
0x0000000012212000 	/usr/lib/libFosl_dynamic.dylib
0x0000000012212000 	/System/Library/PrivateFrameworks/MetalPerformanceShaders.framework/Versions/A/MetalPerformanceShaders
0x0000000012212000 	/System/Library/PrivateFrameworks/FaceCore.framework/Versions/A/FaceCore
0x0000000012212000 	/System/Library/Frameworks/OpenCL.framework/Versions/A/OpenCL
0x0000000012212000 	/System/Library/Frameworks/OpenGL.framework/Versions/A/Libraries/libGLU.dylib
0x0000000012212000 	/System/Library/Frameworks/OpenGL.framework/Versions/A/Libraries/libGFXShared.dylib
0x0000000012212000 	/System/Library/Frameworks/OpenGL.framework/Versions/A/Libraries/libGL.dylib
0x0000000012212000 	/System/Library/Frameworks/OpenGL.framework/Versions/A/Libraries/libGLImage.dylib
0x0000000012212000 	/System/Library/Frameworks/OpenGL.framework/Versions/A/Libraries/libCVMSPluginSupport.dylib
0x0000000012212000 	/System/Library/Frameworks/OpenGL.framework/Versions/A/Libraries/libCoreVMClient.dylib
0x0000000012212000 	/System/Library/PrivateFrameworks/CrashReporterSupport.framework/Versions/A/CrashReporterSupport
0x0000000012212000 	/System/Library/PrivateFrameworks/Sharing.framework/Versions/A/Sharing
0x0000000012212000 	/System/Library/PrivateFrameworks/IconServices.framework/Versions/A/IconServices
0x0000000012212000 	/System/Library/PrivateFrameworks/ProtocolBuffer.framework/Versions/A/ProtocolBuffer
0x0000000012212000 	/System/Library/PrivateFrameworks/Apple80211.framework/Versions/A/Apple80211
0x0000000012212000 	/System/Library/Frameworks/CoreWLAN.framework/Versions/A/CoreWLAN
0x0000000012212000 	/System/Library/PrivateFrameworks/CoreUtils.framework/Versions/A/CoreUtils
0x0000000012212000 	/System/Library/Frameworks/IOBluetooth.framework/Versions/A/IOBluetooth
0x0000000012212000 	/System/Library/PrivateFrameworks/CoreWiFi.framework/Versions/A/CoreWiFi
0x0000000012212000 	/System/Library/Frameworks/CoreBluetooth.framework/Versions/A/CoreBluetooth
0x0000000012212000 	/System/Library/Frameworks/CoreDisplay.framework/Versions/A/CoreDisplay
0x0000000012212000 	/System/Library/PrivateFrameworks/IOPresentment.framework/Versions/A/IOPresentment
0x0000000012212000 	/System/Library/PrivateFrameworks/DebugSymbols.framework/Versions/A/DebugSymbols
0x0000000012212000 	/System/Library/PrivateFrameworks/CoreSymbolication.framework/Versions/A/CoreSymbolication
0x0000000012212000 	/System/Library/PrivateFrameworks/Symbolication.framework/Versions/A/Symbolication
0x0000000012212000 	/System/Library/PrivateFrameworks/AppleFSCompression.framework/Versions/A/AppleFSCompression
0x0000000012212000 	/System/Library/PrivateFrameworks/SpeechRecognitionCore.framework/Versions/A/SpeechRecognitionCore
0x0000000012212000 	/System/Library/PrivateFrameworks/ChunkingLibrary.framework/Versions/A/ChunkingLibrary
0x000000004c969000 	/System/Library/CoreServices/Encodings/libJapaneseConverter.dylib
0x0000000107c00000 	/Library/Java/JavaVirtualMachines/jdk1.8.0_40.jdk/Contents/Home/jre/lib/server/libjvm.dylib
0x00000001072bb000 	/usr/lib/libstdc++.6.dylib
0x0000000107374000 	/Library/Java/JavaVirtualMachines/jdk1.8.0_40.jdk/Contents/Home/jre/lib/libverify.dylib
0x0000000107382000 	/Library/Java/JavaVirtualMachines/jdk1.8.0_40.jdk/Contents/Home/jre/lib/libjava.dylib
0x0000000108b69000 	/Library/Java/JavaVirtualMachines/jdk1.8.0_40.jdk/Contents/Home/jre/lib/libjdwp.dylib
0x00000001073b8000 	/Library/Java/JavaVirtualMachines/jdk1.8.0_40.jdk/Contents/Home/jre/lib/libnpt.dylib
0x00000001073c5000 	/Library/Java/JavaVirtualMachines/jdk1.8.0_40.jdk/Contents/Home/jre/lib/libzip.dylib
0x000000010f4ee000 	/System/Library/Frameworks/JavaVM.framework/Frameworks/JavaRuntimeSupport.framework/JavaRuntimeSupport
0x000000010f508000 	/System/Library/Frameworks/JavaVM.framework/Versions/A/Frameworks/JavaNativeFoundation.framework/Versions/A/JavaNativeFoundation
0x000000010f51d000 	/System/Library/Frameworks/JavaVM.framework/Versions/A/JavaVM
0x0000000012212000 	/System/Library/Frameworks/Carbon.framework/Versions/A/Carbon
0x000000010f52a000 	/System/Library/PrivateFrameworks/JavaLaunching.framework/Versions/A/JavaLaunching
0x0000000012212000 	/System/Library/Frameworks/Carbon.framework/Versions/A/Frameworks/CommonPanels.framework/Versions/A/CommonPanels
0x0000000012212000 	/System/Library/Frameworks/Carbon.framework/Versions/A/Frameworks/Help.framework/Versions/A/Help
0x0000000012212000 	/System/Library/Frameworks/Carbon.framework/Versions/A/Frameworks/ImageCapture.framework/Versions/A/ImageCapture
0x0000000012212000 	/System/Library/Frameworks/Carbon.framework/Versions/A/Frameworks/OpenScripting.framework/Versions/A/OpenScripting
0x0000000012212000 	/System/Library/Frameworks/Carbon.framework/Versions/A/Frameworks/Print.framework/Versions/A/Print
0x0000000012212000 	/System/Library/Frameworks/Carbon.framework/Versions/A/Frameworks/SecurityHI.framework/Versions/A/SecurityHI
0x00000001073f7000 	/Library/Java/JavaVirtualMachines/jdk1.8.0_40.jdk/Contents/Home/jre/lib/libdt_socket.dylib
0x0000000110e97000 	/Library/Java/JavaVirtualMachines/jdk1.8.0_40.jdk/Contents/Home/jre/lib/libnet.dylib
0x0000000111014000 	/Library/Java/JavaVirtualMachines/jdk1.8.0_40.jdk/Contents/Home/jre/lib/libsunec.dylib

VM Arguments:
jvm_args: -agentlib:jdwp=transport=dt_socket,suspend=y,address=localhost:56770 -Dfile.encoding=UTF-8 
java_command: com.crawler.tokyo.Main
java_class_path (initial): /Users/yahagihiroyuki/work/myself/02.EsCourt/05.batch/java/bin:/Users/yahagihiroyuki/work/myself/02.EsCourt/05.batch/java/lib/cglib-nodep-3.2.4.jar:/Users/yahagihiroyuki/work/myself/02.EsCourt/05.batch/java/lib/client-combined-3.0.1-nodeps.jar:/Users/yahagihiroyuki/work/myself/02.EsCourt/05.batch/java/lib/commons-codec-1.10.jar:/Users/yahagihiroyuki/work/myself/02.EsCourt/05.batch/java/lib/commons-exec-1.3.jar:/Users/yahagihiroyuki/work/myself/02.EsCourt/05.batch/java/lib/commons-io-2.5.jar:/Users/yahagihiroyuki/work/myself/02.EsCourt/05.batch/java/lib/commons-lang3-3.4.jar:/Users/yahagihiroyuki/work/myself/02.EsCourt/05.batch/java/lib/commons-logging-1.2.jar:/Users/yahagihiroyuki/work/myself/02.EsCourt/05.batch/java/lib/cssparser-0.9.20.jar:/Users/yahagihiroyuki/work/myself/02.EsCourt/05.batch/java/lib/gson-2.3.1.jar:/Users/yahagihiroyuki/work/myself/02.EsCourt/05.batch/java/lib/guava-19.0.jar:/Users/yahagihiroyuki/work/myself/02.EsCourt/05.batch/java/lib/hamcrest-core-1.3.jar:/Users/yahagihiroyuki/work/myself/02.EsCourt/05.batch/java/lib/hamcrest-library-1.3.jar:/Users/yahagihiroyuki/work/myself/02.EsCourt/05.batch/java/lib/htmlunit-2.23.jar:/Users/yahagihiroyuki/work/myself/02.EsCourt/05.batch/java/lib/htmlunit-core-js-2.23.jar:/Users/yahagihiroyuki/work/myself/02.EsCourt/05.batch/java/lib/httpclient-4.5.2.jar:/Users/yahagihiroyuki/work/myself/02.EsCourt/05.batch/java/lib/httpcore-4.4.4.jar:/Users/yahagihiroyuki/work/myself/02.EsCourt/05.batch/java/lib/httpmime-4.5.2.jar:/Users/yahagihiroyuki/work/myself/02.EsCourt/05.batch/java/lib/javax.servlet-api-3.1.0.jar:/Users/yahagihiroyuki/work/myself/02.EsCourt/05.batch/java/lib/jetty-io-9.2.13.v20150730.jar:/Users/yahagihiroyuki/work/myself/02.EsCourt/05.batch/java/lib/jetty-util-9.2.13.v20150730.jar:/Users/yahagihiroyuki/work/myself/02.EsCourt/05.batch/java/lib/jna-4.1.0.jar:/Users/yahagihiroyuki/work/myself/02.EsCourt/05.batch/java/lib/jna-platform-4.1.0.jar:/Users/yahagihiroyuki/work/mys
Launcher Type: SUN_STANDARD

Environment Variables:
PATH=/usr/bin:/bin:/usr/sbin:/sbin
SHELL=/bin/bash

Signal Handlers:
SIGSEGV: [libjvm.dylib+0x58ef95], sa_mask[0]=11111111011111110111111111111111, sa_flags=SA_ONSTACK|SA_RESTART|SA_SIGINFO
SIGBUS: [libjvm.dylib+0x58ef95], sa_mask[0]=11111111011111110111111111111111, sa_flags=SA_RESTART|SA_SIGINFO
SIGFPE: [libjvm.dylib+0x46c118], sa_mask[0]=11111111011111110111111111111111, sa_flags=SA_RESTART|SA_SIGINFO
SIGPIPE: [libjvm.dylib+0x46c118], sa_mask[0]=11111111011111110111111111111111, sa_flags=SA_RESTART|SA_SIGINFO
SIGXFSZ: [libjvm.dylib+0x46c118], sa_mask[0]=11111111011111110111111111111111, sa_flags=SA_RESTART|SA_SIGINFO
SIGILL: [libjvm.dylib+0x46c118], sa_mask[0]=11111111011111110111111111111111, sa_flags=SA_RESTART|SA_SIGINFO
SIGUSR1: SIG_DFL, sa_mask[0]=00000000000000000000000000000000, sa_flags=none
SIGUSR2: [libjvm.dylib+0x46bc36], sa_mask[0]=00100000000000000000000000000000, sa_flags=SA_RESTART|SA_SIGINFO
SIGHUP: [libjvm.dylib+0x46a209], sa_mask[0]=11111111011111110111111111111111, sa_flags=SA_RESTART|SA_SIGINFO
SIGINT: [libjvm.dylib+0x46a209], sa_mask[0]=11111111011111110111111111111111, sa_flags=SA_RESTART|SA_SIGINFO
SIGTERM: [libjvm.dylib+0x46a209], sa_mask[0]=11111111011111110111111111111111, sa_flags=SA_RESTART|SA_SIGINFO
SIGQUIT: [libjvm.dylib+0x46a209], sa_mask[0]=11111111011111110111111111111111, sa_flags=SA_RESTART|SA_SIGINFO


---------------  S Y S T E M  ---------------

OS:Bsduname:Darwin 16.3.0 Darwin Kernel Version 16.3.0: Thu Nov 17 20:23:58 PST 2016; root:xnu-3789.31.2~1/RELEASE_X86_64 x86_64
rlimit: STACK 8192k, CORE 0k, NPROC 709, NOFILE 10240, AS infinity
load average:2.32 2.21 2.04

CPU:total 4 (2 cores per cpu, 2 threads per core) family 6 model 69 stepping 1, cmov, cx8, fxsr, mmx, sse, sse2, sse3, ssse3, sse4.1, sse4.2, popcnt, avx, avx2, aes, clmul, erms, lzcnt, ht, tsc, tscinvbit, bmi1, bmi2

Memory: 4k page, physical 8388608k(114952k free)

/proc/meminfo:


vm_info: Java HotSpot(TM) 64-Bit Server VM (25.40-b25) for bsd-amd64 JRE (1.8.0_40-b27), built on Mar 13 2015 04:46:52 by "java_re" with gcc 4.2.1 (Based on Apple Inc. build 5658) (LLVM build 2336.11.00)

time: Wed Jan 25 23:35:59 2017
elapsed time: 43 seconds (0d 0h 0m 43s)

